# JRE version: Java(TM) SE Runtime Environment (15.0.2+7) (build 15.0.2+7-27)
# Java VM: Java HotSpot(TM) 64-Bit Server VM (15.0.2+7-27, mixed mode, sharing, tiered, compressed oops, g1 gc, windows-amd64)
GC Precious Log:
 CPUs: 4 total, 4 available
 Memory: 8057M
 Large Page Support: Disabled
 NUMA Support: Disabled
 Compressed Oops: Enabled (32-bit)
 Heap Region Size: 1M
 Heap Min Capacity: 8M
 Heap Initial Capacity: 126M
 Heap Max Capacity: 2016M
 Pre-touch: Disabled
 Parallel Workers: 4
 Concurrent Workers: 1
 Concurrent Refinement Workers: 4
 Periodic GC: Disabled
Heap:
 garbage-first heap   total 51200K, used 15683K [0x0000000082000000, 0x0000000100000000)
  region size 1024K, 1 young (1024K), 0 survivors (0K)
 Metaspace       used 33480K, capacity 33821K, committed 34224K, reserved 1079296K
  class space    used 4135K, capacity 4243K, committed 4352K, reserved 1048576K
GC Heap History (20 events):
Event: 7629.865 GC heap before
{Heap before GC invocations=357 (full 205):
 garbage-first heap   total 51200K, used 15683K [0x0000000082000000, 0x0000000100000000)
  region size 1024K, 1 young (1024K), 0 survivors (0K)
 Metaspace       used 33480K, capacity 33821K, committed 34224K, reserved 1079296K
  class space    used 4135K, capacity 4243K, committed 4352K, reserved 1048576K
}
Event: 7629.915 GC heap after
{Heap after GC invocations=358 (full 206):
 garbage-first heap   total 51200K, used 15683K [0x0000000082000000, 0x0000000100000000)
  region size 1024K, 0 young (0K), 0 survivors (0K)
 Metaspace       used 33480K, capacity 33821K, committed 34224K, reserved 1079296K
  class space    used 4135K, capacity 4243K, committed 4352K, reserved 1048576K
}
Event: 7640.168 GC heap before
{Heap before GC invocations=358 (full 206):
 garbage-first heap   total 51200K, used 15683K [0x0000000082000000, 0x0000000100000000)
  region size 1024K, 1 young (1024K), 0 survivors (0K)
 Metaspace       used 33480K, capacity 33821K, committed 34224K, reserved 1079296K
  class space    used 4135K, capacity 4243K, committed 4352K, reserved 1048576K
}
Event: 7640.206 GC heap after
{Heap after GC invocations=359 (full 207):
 garbage-first heap   total 51200K, used 15683K [0x0000000082000000, 0x0000000100000000)
  region size 1024K, 0 young (0K), 0 survivors (0K)
 Metaspace       used 33480K, capacity 33821K, committed 34224K, reserved 1079296K
  class space    used 4135K, capacity 4243K, committed 4352K, reserved 1048576K
}
Event: 7650.489 GC heap before
{Heap before GC invocations=359 (full 207):
 garbage-first heap   total 51200K, used 15683K [0x0000000082000000, 0x0000000100000000)
  region size 1024K, 1 young (1024K), 0 survivors (0K)
 Metaspace       used 33480K, capacity 33821K, committed 34224K, reserved 1079296K
  class space    used 4135K, capacity 4243K, committed 4352K, reserved 1048576K
}
Event: 7650.524 GC heap after
{Heap after GC invocations=360 (full 208):
 garbage-first heap   total 51200K, used 15683K [0x0000000082000000, 0x0000000100000000)
  region size 1024K, 0 young (0K), 0 survivors (0K)
 Metaspace       used 33480K, capacity 33821K, committed 34224K, reserved 1079296K
  class space    used 4135K, capacity 4243K, committed 4352K, reserved 1048576K
}
Event: 7660.778 GC heap before
{Heap before GC invocations=360 (full 208):
 garbage-first heap   total 51200K, used 15683K [0x0000000082000000, 0x0000000100000000)
  region size 1024K, 1 young (1024K), 0 survivors (0K)
 Metaspace       used 33480K, capacity 33821K, committed 34224K, reserved 1079296K
  class space    used 4135K, capacity 4243K, committed 4352K, reserved 1048576K
}
Event: 7660.828 GC heap after
{Heap after GC invocations=361 (full 209):
 garbage-first heap   total 51200K, used 15683K [0x0000000082000000, 0x0000000100000000)
  region size 1024K, 0 young (0K), 0 survivors (0K)
 Metaspace       used 33480K, capacity 33821K, committed 34224K, reserved 1079296K
  class space    used 4135K, capacity 4243K, committed 4352K, reserved 1048576K
}
Event: 7671.220 GC heap before
{Heap before GC invocations=361 (full 209):
 garbage-first heap   total 51200K, used 15683K [0x0000000082000000, 0x0000000100000000)
  region size 1024K, 1 young (1024K), 0 survivors (0K)
 Metaspace       used 33480K, capacity 33821K, committed 34224K, reserved 1079296K
  class space    used 4135K, capacity 4243K, committed 4352K, reserved 1048576K
}
Event: 7671.255 GC heap after
{Heap after GC invocations=362 (full 210):
 garbage-first heap   total 51200K, used 15683K [0x0000000082000000, 0x0000000100000000)
  region size 1024K, 0 young (0K), 0 survivors (0K)
 Metaspace       used 33480K, capacity 33821K, committed 34224K, reserved 1079296K
  class space    used 4135K, capacity 4243K, committed 4352K, reserved 1048576K
}
Event: 7681.419 GC heap before
{Heap before GC invocations=362 (full 210):
 garbage-first heap   total 51200K, used 15683K [0x0000000082000000, 0x0000000100000000)
  region size 1024K, 1 young (1024K), 0 survivors (0K)
 Metaspace       used 33480K, capacity 33821K, committed 34224K, reserved 1079296K
  class space    used 4135K, capacity 4243K, committed 4352K, reserved 1048576K
}
Event: 7681.454 GC heap after
{Heap after GC invocations=363 (full 211):
 garbage-first heap   total 51200K, used 15683K [0x0000000082000000, 0x0000000100000000)
  region size 1024K, 0 young (0K), 0 survivors (0K)
 Metaspace       used 33480K, capacity 33821K, committed 34224K, reserved 1079296K
  class space    used 4135K, capacity 4243K, committed 4352K, reserved 1048576K
}
Event: 7691.642 GC heap before
{Heap before GC invocations=363 (full 211):
 garbage-first heap   total 51200K, used 15683K [0x0000000082000000, 0x0000000100000000)
  region size 1024K, 1 young (1024K), 0 survivors (0K)
 Metaspace       used 33480K, capacity 33821K, committed 34224K, reserved 1079296K
  class space    used 4135K, capacity 4243K, committed 4352K, reserved 1048576K
}
Event: 7691.688 GC heap after
{Heap after GC invocations=364 (full 212):
 garbage-first heap   total 51200K, used 15683K [0x0000000082000000, 0x0000000100000000)
  region size 1024K, 0 young (0K), 0 survivors (0K)
 Metaspace       used 33480K, capacity 33821K, committed 34224K, reserved 1079296K
  class space    used 4135K, capacity 4243K, committed 4352K, reserved 1048576K
}
Event: 7701.935 GC heap before
{Heap before GC invocations=364 (full 212):
 garbage-first heap   total 51200K, used 15683K [0x0000000082000000, 0x0000000100000000)
  region size 1024K, 1 young (1024K), 0 survivors (0K)
 Metaspace       used 33480K, capacity 33821K, committed 34224K, reserved 1079296K
  class space    used 4135K, capacity 4243K, committed 4352K, reserved 1048576K
}
Event: 7701.970 GC heap after
{Heap after GC invocations=365 (full 213):
 garbage-first heap   total 51200K, used 15683K [0x0000000082000000, 0x0000000100000000)
  region size 1024K, 0 young (0K), 0 survivors (0K)
 Metaspace       used 33480K, capacity 33821K, committed 34224K, reserved 1079296K
  class space    used 4135K, capacity 4243K, committed 4352K, reserved 1048576K
}
Event: 7712.129 GC heap before
{Heap before GC invocations=365 (full 213):
 garbage-first heap   total 51200K, used 15683K [0x0000000082000000, 0x0000000100000000)
  region size 1024K, 1 young (1024K), 0 survivors (0K)
 Metaspace       used 33480K, capacity 33821K, committed 34224K, reserved 1079296K
  class space    used 4135K, capacity 4243K, committed 4352K, reserved 1048576K
}
Event: 7712.160 GC heap after
{Heap after GC invocations=366 (full 214):
 garbage-first heap   total 51200K, used 15683K [0x0000000082000000, 0x0000000100000000)
  region size 1024K, 0 young (0K), 0 survivors (0K)
 Metaspace       used 33480K, capacity 33821K, committed 34224K, reserved 1079296K
  class space    used 4135K, capacity 4243K, committed 4352K, reserved 1048576K
}
Event: 7722.488 GC heap before
{Heap before GC invocations=366 (full 214):
 garbage-first heap   total 51200K, used 15683K [0x0000000082000000, 0x0000000100000000)
  region size 1024K, 1 young (1024K), 0 survivors (0K)
 Metaspace       used 33480K, capacity 33821K, committed 34224K, reserved 1079296K
  class space    used 4135K, capacity 4243K, committed 4352K, reserved 1048576K
}
Event: 7722.533 GC heap after
{Heap after GC invocations=367 (full 215):
 garbage-first heap   total 51200K, used 15683K [0x0000000082000000, 0x0000000100000000)
  region size 1024K, 0 young (0K), 0 survivors (0K)
 Metaspace       used 33480K, capacity 33821K, committed 34224K, reserved 1079296K
  class space    used 4135K, capacity 4243K, committed 4352K, reserved 1048576K
}

